<?xml version="1.0" encoding="UTF-8"?>
<!-- Generated by org.testng.reporters.JUnitReportReporter -->
<testsuite hostname="DESKTOP-HH25O9G" failures="0" tests="3" name="com.appDemo.Test.TestDemo" time="0.031" errors="0" timestamp="2024-08-30T11:37:55 IST" skipped="0">
  <testcase classname="com.appDemo.Test.TestDemo" name="TestCase1" time="0.017"/>
  <testcase classname="com.appDemo.Test.TestDemo" name="TestCase3" time="0.012"/>
  <testcase classname="com.appDemo.Test.TestDemo" name="TestCase2" time="0.002"/>
</testsuite> <!-- com.appDemo.Test.TestDemo -->
