<?xml version="1.0" encoding="UTF-8"?>
<!-- Generated by org.testng.reporters.JUnitReportReporter -->
<testsuite hostname="DESKTOP-HH25O9G" failures="0" tests="3" name="com.appDemo.Test.TestDemo1" time="0.003" errors="0" timestamp="2024-08-30T12:29:50 IST" skipped="0">
  <testcase classname="com.appDemo.Test.TestDemo1" name="TestCase4" time="0.000"/>
  <testcase classname="com.appDemo.Test.TestDemo1" name="TestCase5" time="0.001"/>
  <testcase classname="com.appDemo.Test.TestDemo1" name="TestCase6" time="0.002"/>
</testsuite> <!-- com.appDemo.Test.TestDemo1 -->
